[debug] [2025-07-22T18:34:35.329Z] ----------------------------------------------------------------------
[debug] [2025-07-22T18:34:35.331Z] Command:       /usr/local/bin/firebase /Users/savirkhanna/.cache/firebase/tools/lib/node_modules/firebase-tools/lib/bin/firebase init
[debug] [2025-07-22T18:34:35.332Z] CLI Version:   13.3.0
[debug] [2025-07-22T18:34:35.332Z] Platform:      darwin
[debug] [2025-07-22T18:34:35.333Z] Node Version:  v18.5.0
[debug] [2025-07-22T18:34:35.338Z] Time:          Tue Jul 22 2025 11:34:35 GMT-0700 (Pacific Daylight Time)
[debug] [2025-07-22T18:34:35.338Z] ----------------------------------------------------------------------
[debug] 
[debug] [2025-07-22T18:34:35.348Z] > command requires scopes: ["email","openid","https://www.googleapis.com/auth/cloudplatformprojects.readonly","https://www.googleapis.com/auth/firebase","https://www.googleapis.com/auth/cloud-platform"]
[debug] [2025-07-22T18:34:35.349Z] > authorizing via signed-in user (hellosavir@gmail.com)
[info] 
     ######## #### ########  ######## ########     ###     ######  ########
     ##        ##  ##     ## ##       ##     ##  ##   ##  ##       ##
     ######    ##  ########  ######   ########  #########  ######  ######
     ##        ##  ##    ##  ##       ##     ## ##     ##       ## ##
     ##       #### ##     ## ######## ########  ##     ##  ######  ########

You're about to initialize a Firebase project in this directory:

  /Users/savirkhanna/valt_wearables_web

[info] 
=== Project Setup
[info] 
[info] First, let's associate this project directory with a Firebase project.
[info] You can create multiple project aliases by running firebase use --add, 
[info] but for now we'll just set up a default project.
[info] 
[debug] [2025-07-22T18:34:59.356Z] > refreshing access token with scopes: []
[debug] [2025-07-22T18:34:59.365Z] >>> [apiv2][query] POST https://www.googleapis.com/oauth2/v3/token [none]
[debug] [2025-07-22T18:34:59.367Z] >>> [apiv2][body] POST https://www.googleapis.com/oauth2/v3/token [omitted]
[debug] [2025-07-22T18:35:00.044Z] <<< [apiv2][status] POST https://www.googleapis.com/oauth2/v3/token 200
[debug] [2025-07-22T18:35:00.046Z] <<< [apiv2][body] POST https://www.googleapis.com/oauth2/v3/token [omitted]
[debug] [2025-07-22T18:35:00.059Z] >>> [apiv2][query] GET https://firebase.googleapis.com/v1beta1/projects pageSize=100
[debug] [2025-07-22T18:35:01.077Z] <<< [apiv2][status] GET https://firebase.googleapis.com/v1beta1/projects 200
[debug] [2025-07-22T18:35:01.079Z] <<< [apiv2][body] GET https://firebase.googleapis.com/v1beta1/projects [omitted]
[info] i  Using project valtweb-8ccfc (valtweb) 
[info] 
=== Hosting Setup
[debug] [2025-07-22T18:35:03.128Z] >>> [apiv2][query] GET https://firebase.googleapis.com/v1beta1/projects/valtweb-8ccfc [none]
[debug] [2025-07-22T18:35:03.774Z] <<< [apiv2][status] GET https://firebase.googleapis.com/v1beta1/projects/valtweb-8ccfc 200
[debug] [2025-07-22T18:35:03.776Z] <<< [apiv2][body] GET https://firebase.googleapis.com/v1beta1/projects/valtweb-8ccfc {"projectId":"valtweb-8ccfc","projectNumber":"197178839795","displayName":"valtweb","name":"projects/valtweb-8ccfc","resources":{"hostingSite":"valtweb-8ccfc"},"state":"ACTIVE","etag":"1_5c4d66de-4480-4024-9ec0-b43ac861bedf"}
[info] 
[info] Your public directory is the folder (relative to your project directory) that
[info] will contain Hosting assets to be uploaded with firebase deploy. If you
[info] have a build process for your assets, use your build's output directory.
[info] 
